app/src/main/res/drawable/customer-side/SpotSoon/app/build/outputs/logs/manifest-merger-debug-report.txt
-- Merging decision tree log ---
manifest
ADDED from src\main\AndroidManifest.xml:2:1-192:12
	package
		ADDED from src\main\AndroidManifest.xml:3:5-36
		INJECTED from src\main\AndroidManifest.xml
		INJECTED from src\main\AndroidManifest.xml
	android:versionName
		INJECTED from src\main\AndroidManifest.xml
		INJECTED from src\main\AndroidManifest.xml
	xmlns:android
		ADDED from src\main\AndroidManifest.xml:2:11-69
	android:versionCode
		INJECTED from src\main\AndroidManifest.xml
		INJECTED from src\main\AndroidManifest.xml
uses-permission#android.permission.READ_PHONE_STATE
ADDED from src\main\AndroidManifest.xml:12:5-75
	android:name
		ADDED from src\main\AndroidManifest.xml:12:22-72
uses-permission#android.permission.INTERNET
ADDED from src\main\AndroidManifest.xml:14:5-67
MERGED from [com.google.android.gms:play-services-gcm:9.0.1] AndroidManifest.xml:22:5-67
MERGED from [com.google.android.gms:play-services-iid:9.0.1] AndroidManifest.xml:22:5-67
MERGED from [com.crashlytics.sdk.android:crashlytics:2.6.1] AndroidManifest.xml:9:5-67
MERGED from [com.crashlytics.sdk.android:crashlytics-core:2.3.10] AndroidManifest.xml:9:5-67
MERGED from [com.crashlytics.sdk.android:answers:1.3.8] AndroidManifest.xml:9:5-67
MERGED from [io.fabric.sdk.android:fabric:1.3.12] AndroidManifest.xml:25:5-67
MERGED from [io.fabric.sdk.android:fabric:1.3.12] AndroidManifest.xml:25:5-67
MERGED from [com.crashlytics.sdk.android:beta:1.2.1] AndroidManifest.xml:9:5-67
MERGED from [io.fabric.sdk.android:fabric:1.3.12] AndroidManifest.xml:25:5-67
MERGED from [io.fabric.sdk.android:fabric:1.3.12] AndroidManifest.xml:25:5-67
MERGED from [com.crashlytics.sdk.android:answers:1.3.8] AndroidManifest.xml:9:5-67
MERGED from [io.fabric.sdk.android:fabric:1.3.12] AndroidManifest.xml:25:5-67
MERGED from [com.mixpanel.android:mixpanel-android:4.6.4] AndroidManifest.xml:17:5-67
MERGED from [com.mixpanel.android:mixpanel-android:4.6.4] AndroidManifest.xml:17:5-67
MERGED from [com.mixpanel.android:mixpanel-android:4.6.4] AndroidManifest.xml:17:5-67
	android:name
		ADDED from src\main\AndroidManifest.xml:14:22-64
uses-permission#android.permission.VIBRATE
ADDED from src\main\AndroidManifest.xml:15:5-66
	android:name
		ADDED from src\main\AndroidManifest.xml:15:22-63
uses-permission#android.permission.GET_ACCOUNTS
ADDED from src\main\AndroidManifest.xml:16:5-71
	android:name
		ADDED from src\main\AndroidManifest.xml:16:22-68
uses-permission#android.permission.WAKE_LOCK
ADDED from src\main\AndroidManifest.xml:17:5-68
	android:name
		ADDED from src\main\AndroidManifest.xml:17:22-65
uses-permission#com.google.android.c2dm.permission.RECEIVE
ADDED from src\main\AndroidManifest.xml:18:5-82
MERGED from [com.google.android.gms:play-services-gcm:9.0.1] AndroidManifest.xml:21:5-82
MERGED from [com.google.android.gms:play-services-iid:9.0.1] AndroidManifest.xml:21:5-82
	android:name
		ADDED from src\main\AndroidManifest.xml:18:22-79
uses-permission#android.permission.CALL_PHONE
ADDED from src\main\AndroidManifest.xml:19:5-69
	android:name
		ADDED from src\main\AndroidManifest.xml:19:22-66
uses-permission#android.permission.ACCESS_FINE_LOCATION
ADDED from src\main\AndroidManifest.xml:20:5-79
	android:name
		ADDED from src\main\AndroidManifest.xml:20:22-76
uses-permission#android.permission.ACCESS_COARSE_LOCATION
ADDED from src\main\AndroidManifest.xml:21:5-81
	android:name
		ADDED from src\main\AndroidManifest.xml:21:22-78
uses-permission#android.permission.RECEIVE_SMS
ADDED from src\main\AndroidManifest.xml:26:5-70
MERGED from [SpotSoon:sdkui:unspecified] AndroidManifest.xml:11:5-70
MERGED from [com.payu.custombrowser:payu-custom-browser:5.3.7] AndroidManifest.xml:12:5-14:47
	android:protectionLevel
		ADDED from [com.payu.custombrowser:payu-custom-browser:5.3.7] AndroidManifest.xml:14:9-44
	android:name
		ADDED from src\main\AndroidManifest.xml:26:22-67
uses-permission#ANDROID.PERMISSION.READ_SMS
ADDED from src\main\AndroidManifest.xml:27:5-67
MERGED from [SpotSoon:sdkui:unspecified] AndroidManifest.xml:12:5-67
	android:name
		ADDED from src\main\AndroidManifest.xml:27:22-64
permission#com.spotsoon.customer.permission.C2D_MESSAGE
ADDED from src\main\AndroidManifest.xml:31:5-33:47
	android:protectionLevel
		ADDED from src\main\AndroidManifest.xml:33:9-44
	android:name
		ADDED from src\main\AndroidManifest.xml:32:9-68
uses-permission#com.google.android.providers.gsf.permission.READ_GSERVICES
ADDED from src\main\AndroidManifest.xml:35:5-98
	android:name
		ADDED from src\main\AndroidManifest.xml:35:22-95
uses-permission#android.permission.ACCESS_NETWORK_STATE
ADDED from src\main\AndroidManifest.xml:36:5-79
MERGED from [com.payu.custombrowser:payu-custom-browser:5.3.7] AndroidManifest.xml:11:5-79
	android:name
		ADDED from src\main\AndroidManifest.xml:36:22-76
application
ADDED from src\main\AndroidManifest.xml:41:5-190:19
MERGED from [com.google.android.gms:play-services-gcm:9.0.1] AndroidManifest.xml:24:5-20
MERGED from [com.google.android.gms:play-services-base:9.0.1] AndroidManifest.xml:19:5-23:19
MERGED from [com.google.android.gms:play-services-basement:9.0.1] AndroidManifest.xml:20:5-24:19
MERGED from [com.android.support:support-v4:23.2.1] AndroidManifest.xml:22:5-20
MERGED from [com.google.firebase:firebase-common:9.0.1] AndroidManifest.xml:5:5-12:19
MERGED from [com.google.android.gms:play-services-basement:9.0.1] AndroidManifest.xml:20:5-24:19
MERGED from [com.android.support:support-v4:23.2.1] AndroidManifest.xml:22:5-20
MERGED from [com.google.android.gms:play-services-tasks:9.0.1] AndroidManifest.xml:5:5-20
MERGED from [com.google.android.gms:play-services-basement:9.0.1] AndroidManifest.xml:20:5-24:19
MERGED from [com.android.support:support-v4:23.2.1] AndroidManifest.xml:22:5-20
MERGED from [com.google.android.gms:play-services-tasks:9.0.1] AndroidManifest.xml:5:5-20
MERGED from [com.google.android.gms:play-services-basement:9.0.1] AndroidManifest.xml:20:5-24:19
MERGED from [com.android.support:support-v4:23.2.1] AndroidManifest.xml:22:5-20
MERGED from [com.google.android.gms:play-services-basement:9.0.1] AndroidManifest.xml:20:5-24:19
MERGED from [com.android.support:support-v4:23.2.1] AndroidManifest.xml:22:5-20
MERGED from [com.google.android.gms:play-services-iid:9.0.1] AndroidManifest.xml:24:5-20
MERGED from [com.google.android.gms:play-services-base:9.0.1] AndroidManifest.xml:19:5-23:19
MERGED from [com.google.android.gms:play-services-basement:9.0.1] AndroidManifest.xml:20:5-24:19
MERGED from [com.android.support:support-v4:23.2.1] AndroidManifest.xml:22:5-20
MERGED from [com.google.firebase:firebase-common:9.0.1] AndroidManifest.xml:5:5-12:19
MERGED from [com.google.android.gms:play-services-basement:9.0.1] AndroidManifest.xml:20:5-24:19
MERGED from [com.android.support:support-v4:23.2.1] AndroidManifest.xml:22:5-20
MERGED from [com.google.android.gms:play-services-tasks:9.0.1] AndroidManifest.xml:5:5-20
MERGED from [com.google.android.gms:play-services-basement:9.0.1] AndroidManifest.xml:20:5-24:19
MERGED from [com.android.support:support-v4:23.2.1] AndroidManifest.xml:22:5-20
MERGED from [com.google.android.gms:play-services-tasks:9.0.1] AndroidManifest.xml:5:5-20
MERGED from [com.google.android.gms:play-services-basement:9.0.1] AndroidManifest.xml:20:5-24:19
MERGED from [com.android.support:support-v4:23.2.1] AndroidManifest.xml:22:5-20
MERGED from [com.google.android.gms:play-services-basement:9.0.1] AndroidManifest.xml:20:5-24:19
MERGED from [com.android.support:support-v4:23.2.1] AndroidManifest.xml:22:5-20
MERGED from [com.android.support:appcompat-v7:23.2.1] AndroidManifest.xml:25:5-20
MERGED from [com.android.support:support-v4:23.2.1] AndroidManifest.xml:22:5-20
MERGED from [com.android.support:animated-vector-drawable:23.2.1] AndroidManifest.xml:7:5-20
MERGED from [com.android.support:support-vector-drawable:23.2.1] AndroidManifest.xml:7:5-20
MERGED from [com.android.support:support-v4:23.2.1] AndroidManifest.xml:22:5-20
MERGED from [com.android.support:support-vector-drawable:23.2.1] AndroidManifest.xml:7:5-20
MERGED from [com.android.support:support-v4:23.2.1] AndroidManifest.xml:22:5-20
MERGED from [com.android.support:design:23.2.1] AndroidManifest.xml:22:5-20
MERGED from [com.android.support:support-v4:23.2.1] AndroidManifest.xml:22:5-20
MERGED from [com.android.support:appcompat-v7:23.2.1] AndroidManifest.xml:25:5-20
MERGED from [com.android.support:support-v4:23.2.1] AndroidManifest.xml:22:5-20
MERGED from [com.android.support:animated-vector-drawable:23.2.1] AndroidManifest.xml:7:5-20
MERGED from [com.android.support:support-vector-drawable:23.2.1] AndroidManifest.xml:7:5-20
MERGED from [com.android.support:support-v4:23.2.1] AndroidManifest.xml:22:5-20
MERGED from [com.android.support:support-vector-drawable:23.2.1] AndroidManifest.xml:7:5-20
MERGED from [com.android.support:support-v4:23.2.1] AndroidManifest.xml:22:5-20
MERGED from [com.android.support:support-v4:23.2.1] AndroidManifest.xml:22:5-20
MERGED from [com.crashlytics.sdk.android:crashlytics:2.6.1] AndroidManifest.xml:11:5-20
MERGED from [com.crashlytics.sdk.android:crashlytics-core:2.3.10] AndroidManifest.xml:11:5-20
MERGED from [com.crashlytics.sdk.android:answers:1.3.8] AndroidManifest.xml:11:5-20
MERGED from [io.fabric.sdk.android:fabric:1.3.12] AndroidManifest.xml:27:5-20
MERGED from [io.fabric.sdk.android:fabric:1.3.12] AndroidManifest.xml:27:5-20
MERGED from [com.crashlytics.sdk.android:beta:1.2.1] AndroidManifest.xml:11:5-20
MERGED from [io.fabric.sdk.android:fabric:1.3.12] AndroidManifest.xml:27:5-20
MERGED from [io.fabric.sdk.android:fabric:1.3.12] AndroidManifest.xml:27:5-20
MERGED from [com.crashlytics.sdk.android:answers:1.3.8] AndroidManifest.xml:11:5-20
MERGED from [io.fabric.sdk.android:fabric:1.3.12] AndroidManifest.xml:27:5-20
MERGED from [SpotSoon:PullToRefresh:unspecified] AndroidManifest.xml:11:5-20
MERGED from [com.android.support:appcompat-v7:23.2.1] AndroidManifest.xml:25:5-20
MERGED from [com.android.support:support-v4:23.2.1] AndroidManifest.xml:22:5-20
MERGED from [com.android.support:animated-vector-drawable:23.2.1] AndroidManifest.xml:7:5-20
MERGED from [com.android.support:support-vector-drawable:23.2.1] AndroidManifest.xml:7:5-20
MERGED from [com.android.support:support-v4:23.2.1] AndroidManifest.xml:22:5-20
MERGED from [com.android.support:support-vector-drawable:23.2.1] AndroidManifest.xml:7:5-20
MERGED from [com.android.support:support-v4:23.2.1] AndroidManifest.xml:22:5-20
MERGED from [SpotSoon:sdkui:unspecified] AndroidManifest.xml:14:5-48:19
MERGED from [com.android.support:appcompat-v7:23.2.1] AndroidManifest.xml:25:5-20
MERGED from [com.android.support:support-v4:23.2.1] AndroidManifest.xml:22:5-20
MERGED from [com.android.support:animated-vector-drawable:23.2.1] AndroidManifest.xml:7:5-20
MERGED from [com.android.support:support-vector-drawable:23.2.1] AndroidManifest.xml:7:5-20
MERGED from [com.android.support:support-v4:23.2.1] AndroidManifest.xml:22:5-20
MERGED from [com.android.support:support-vector-drawable:23.2.1] AndroidManifest.xml:7:5-20
MERGED from [com.android.support:support-v4:23.2.1] AndroidManifest.xml:22:5-20
MERGED from [com.mixpanel.android:mixpanel-android:4.6.4] AndroidManifest.xml:44:5-124:19
MERGED from [com.payu.magicretry:magicretry:1.0.4] AndroidManifest.xml:11:5-22:19
MERGED from [com.android.support:appcompat-v7:23.2.1] AndroidManifest.xml:25:5-20
MERGED from [com.android.support:support-v4:23.2.1] AndroidManifest.xml:22:5-20
MERGED from [com.android.support:animated-vector-drawable:23.2.1] AndroidManifest.xml:7:5-20
MERGED from [com.android.support:support-vector-drawable:23.2.1] AndroidManifest.xml:7:5-20
MERGED from [com.android.support:support-v4:23.2.1] AndroidManifest.xml:22:5-20
MERGED from [com.android.support:support-vector-drawable:23.2.1] AndroidManifest.xml:7:5-20
MERGED from [com.android.support:support-v4:23.2.1] AndroidManifest.xml:22:5-20
MERGED from [com.mixpanel.android:mixpanel-android:4.6.4] AndroidManifest.xml:44:5-124:19
MERGED from [com.android.support:appcompat-v7:23.2.1] AndroidManifest.xml:25:5-20
MERGED from [com.android.support:support-v4:23.2.1] AndroidManifest.xml:22:5-20
MERGED from [com.android.support:animated-vector-drawable:23.2.1] AndroidManifest.xml:7:5-20
MERGED from [com.android.support:support-vector-drawable:23.2.1] AndroidManifest.xml:7:5-20
MERGED from [com.android.support:support-v4:23.2.1] AndroidManifest.xml:22:5-20
MERGED from [com.android.support:support-vector-drawable:23.2.1] AndroidManifest.xml:7:5-20
MERGED from [com.android.support:support-v4:23.2.1] AndroidManifest.xml:22:5-20
MERGED from [com.payu.magicretry:magicretry:1.0.4] AndroidManifest.xml:11:5-22:19
MERGED from [com.android.support:appcompat-v7:23.2.1] AndroidManifest.xml:25:5-20
MERGED from [com.android.support:support-v4:23.2.1] AndroidManifest.xml:22:5-20
MERGED from [com.android.support:animated-vector-drawable:23.2.1] AndroidManifest.xml:7:5-20
MERGED from [com.android.support:support-vector-drawable:23.2.1] AndroidManifest.xml:7:5-20
MERGED from [com.android.support:support-v4:23.2.1] AndroidManifest.xml:22:5-20
MERGED from [com.android.support:support-vector-drawable:23.2.1] AndroidManifest.xml:7:5-20
MERGED from [com.android.support:support-v4:23.2.1] AndroidManifest.xml:22:5-20
MERGED from [com.mixpanel.android:mixpanel-android:4.6.4] AndroidManifest.xml:44:5-124:19
MERGED from [com.payu.india:payu-sdk:4.3.4] AndroidManifest.xml:11:5-12:19
MERGED from [com.android.support:appcompat-v7:23.2.1] AndroidManifest.xml:25:5-20
MERGED from [com.android.support:support-v4:23.2.1] AndroidManifest.xml:22:5-20
MERGED from [com.android.support:animated-vector-drawable:23.2.1] AndroidManifest.xml:7:5-20
MERGED from [com.android.support:support-vector-drawable:23.2.1] AndroidManifest.xml:7:5-20
MERGED from [com.android.support:support-v4:23.2.1] AndroidManifest.xml:22:5-20
MERGED from [com.android.support:support-vector-drawable:23.2.1] AndroidManifest.xml:7:5-20
MERGED from [com.android.support:support-v4:23.2.1] AndroidManifest.xml:22:5-20
	android:label
		ADDED from src\main\AndroidManifest.xml:45:9-41
	tools:ignore
		ADDED from [com.mixpanel.android:mixpanel-android:4.6.4] AndroidManifest.xml:44:18-44
	android:allowBackup
		ADDED from src\main\AndroidManifest.xml:43:9-35
	android:icon
		ADDED from src\main\AndroidManifest.xml:44:9-42
	android:theme
		ADDED from src\main\AndroidManifest.xml:46:9-40
	android:name
		ADDED from src\main\AndroidManifest.xml:42:9-55
meta-data#com.google.android.gms.version
ADDED from src\main\AndroidManifest.xml:47:9-49:69
MERGED from [com.google.android.gms:play-services-basement:9.0.1] AndroidManifest.xml:21:9-23:69
MERGED from [com.google.android.gms:play-services-basement:9.0.1] AndroidManifest.xml:21:9-23:69
MERGED from [com.google.android.gms:play-services-basement:9.0.1] AndroidManifest.xml:21:9-23:69
MERGED from [com.google.android.gms:play-services-basement:9.0.1] AndroidManifest.xml:21:9-23:69
MERGED from [com.google.android.gms:play-services-basement:9.0.1] AndroidManifest.xml:21:9-23:69
MERGED from [com.google.android.gms:play-services-basement:9.0.1] AndroidManifest.xml:21:9-23:69
MERGED from [com.google.android.gms:play-services-basement:9.0.1] AndroidManifest.xml:21:9-23:69
MERGED from [com.google.android.gms:play-services-basement:9.0.1] AndroidManifest.xml:21:9-23:69
MERGED from [com.google.android.gms:play-services-basement:9.0.1] AndroidManifest.xml:21:9-23:69
MERGED from [com.google.android.gms:play-services-basement:9.0.1] AndroidManifest.xml:21:9-23:69
	android:value
		ADDED from src\main\AndroidManifest.xml:49:13-66
	android:name
		ADDED from src\main\AndroidManifest.xml:48:13-58
activity#com.spotsoon.customer.SpotAsap
ADDED from src\main\AndroidManifest.xml:51:9-60:20
	android:screenOrientation
		ADDED from src\main\AndroidManifest.xml:53:13-49
	android:theme
		ADDED from src\main\AndroidManifest.xml:54:13-44
	android:name
		ADDED from src\main\AndroidManifest.xml:52:13-58
intent-filter#android.intent.action.MAIN+android.intent.category.LAUNCHER
ADDED from src\main\AndroidManifest.xml:55:13-59:29
action#android.intent.action.MAIN
ADDED from src\main\AndroidManifest.xml:56:17-69
	android:name
		ADDED from src\main\AndroidManifest.xml:56:25-66
category#android.intent.category.LAUNCHER
ADDED from src\main\AndroidManifest.xml:58:17-77
	android:name
		ADDED from src\main\AndroidManifest.xml:58:27-74
activity#com.spotsoon.customer.CategoriesTabsActivity
ADDED from src\main\AndroidManifest.xml:62:9-63:51
	android:screenOrientation
		ADDED from src\main\AndroidManifest.xml:63:13-49
	android:name
		ADDED from src\main\AndroidManifest.xml:62:19-78
activity#com.spotsoon.customer.PackagesActivity
ADDED from src\main\AndroidManifest.xml:66:9-68:53
	android:screenOrientation
		ADDED from src\main\AndroidManifest.xml:67:13-49
	android:theme
		ADDED from src\main\AndroidManifest.xml:68:13-51
	android:name
		ADDED from src\main\AndroidManifest.xml:66:19-72
activity#com.threembed.MainActivityNew
ADDED from src\main\AndroidManifest.xml:70:9-71:51
	android:screenOrientation
		ADDED from src\main\AndroidManifest.xml:71:13-49
	android:name
		ADDED from src\main\AndroidManifest.xml:70:19-63
activity#com.spotsoon.customer.AddOrderDetailsActivity
ADDED from src\main\AndroidManifest.xml:73:9-76:55
	android:screenOrientation
		ADDED from src\main\AndroidManifest.xml:74:13-49
	android:windowSoftInputMode
		ADDED from src\main\AndroidManifest.xml:75:13-60
	android:theme
		ADDED from src\main\AndroidManifest.xml:76:13-53
	android:name
		ADDED from src\main\AndroidManifest.xml:73:19-58
activity#com.spotsoon.customer.TraditionalSummaryActivity
ADDED from src\main\AndroidManifest.xml:78:9-81:52
	android:screenOrientation
		ADDED from src\main\AndroidManifest.xml:81:13-49
	android:windowSoftInputMode
		ADDED from src\main\AndroidManifest.xml:80:13-70
	android:name
		ADDED from src\main\AndroidManifest.xml:79:13-55
activity#com.spotsoon.customer.SearchAddressGooglePlacesActivity
ADDED from src\main\AndroidManifest.xml:83:9-87:66
	android:screenOrientation
		ADDED from src\main\AndroidManifest.xml:86:13-49
	android:largeHeap
		ADDED from src\main\AndroidManifest.xml:85:13-37
	android:theme
		ADDED from src\main\AndroidManifest.xml:87:13-54
	android:name
		ADDED from src\main\AndroidManifest.xml:84:13-62
activity#com.threembed.WebDisplay
ADDED from src\main\AndroidManifest.xml:88:9-96:20
	android:theme
		ADDED from src\main\AndroidManifest.xml:90:13-60
	android:name
		ADDED from src\main\AndroidManifest.xml:89:13-52
intent-filter#android.intent.category.DEFAULT+com.threembed.WebDisplay
ADDED from src\main\AndroidManifest.xml:91:13-95:29
action#com.threembed.WebDisplay
ADDED from src\main\AndroidManifest.xml:92:17-67
	android:name
		ADDED from src\main\AndroidManifest.xml:92:25-64
category#android.intent.category.DEFAULT
ADDED from src\main\AndroidManifest.xml:94:17-76
	android:name
		ADDED from src\main\AndroidManifest.xml:94:27-73
activity#com.spotsoon.customer.InventumActivity
ADDED from src\main\AndroidManifest.xml:101:9-104:52
	android:screenOrientation
		ADDED from src\main\AndroidManifest.xml:104:13-49
	android:windowSoftInputMode
		ADDED from src\main\AndroidManifest.xml:103:13-70
	android:name
		ADDED from src\main\AndroidManifest.xml:102:13-66
activity#com.spotsoon.customer.SubscriptionsSummaryAvtivity
ADDED from src\main\AndroidManifest.xml:106:9-108:52
	android:screenOrientation
		ADDED from src\main\AndroidManifest.xml:108:13-49
	android:name
		ADDED from src\main\AndroidManifest.xml:107:13-78
activity#com.spotsoon.customer.InventumRechargeStatusActivity
ADDED from src\main\AndroidManifest.xml:110:9-113:52
	android:screenOrientation
		ADDED from src\main\AndroidManifest.xml:113:13-49
	android:windowSoftInputMode
		ADDED from src\main\AndroidManifest.xml:112:13-70
	android:name
		ADDED from src\main\AndroidManifest.xml:111:13-80
activity#com.spotsoon.customer.SelectPackageActivity
ADDED from src\main\AndroidManifest.xml:114:9-117:52
	android:screenOrientation
		ADDED from src\main\AndroidManifest.xml:117:13-49
	android:windowSoftInputMode
		ADDED from src\main\AndroidManifest.xml:116:13-60
	android:name
		ADDED from src\main\AndroidManifest.xml:115:13-71
activity#com.spotsoon.customer.PostpayInvoiceSummaryActivity
ADDED from src\main\AndroidManifest.xml:119:9-122:52
	android:screenOrientation
		ADDED from src\main\AndroidManifest.xml:122:13-49
	android:windowSoftInputMode
		ADDED from src\main\AndroidManifest.xml:121:13-60
	android:name
		ADDED from src\main\AndroidManifest.xml:120:13-58
activity#com.spotsoon.customer.PostPayInvoice
ADDED from src\main\AndroidManifest.xml:123:9-126:52
	android:screenOrientation
		ADDED from src\main\AndroidManifest.xml:126:13-49
	android:windowSoftInputMode
		ADDED from src\main\AndroidManifest.xml:125:13-60
	android:name
		ADDED from src\main\AndroidManifest.xml:124:13-43
activity#com.spotsoon.customer.SelectPlanActivity
ADDED from src\main\AndroidManifest.xml:127:9-130:52
	android:screenOrientation
		ADDED from src\main\AndroidManifest.xml:130:13-49
	android:windowSoftInputMode
		ADDED from src\main\AndroidManifest.xml:129:13-60
	android:name
		ADDED from src\main\AndroidManifest.xml:128:13-47
activity#com.spotsoon.customer.TacitineSummaryActivity
ADDED from src\main\AndroidManifest.xml:131:9-134:52
	android:screenOrientation
		ADDED from src\main\AndroidManifest.xml:134:13-49
	android:windowSoftInputMode
		ADDED from src\main\AndroidManifest.xml:133:13-60
	android:name
		ADDED from src\main\AndroidManifest.xml:132:13-52
activity#com.invoice.InvoiceManagementPackageList
ADDED from src\main\AndroidManifest.xml:135:9-138:52
	android:screenOrientation
		ADDED from src\main\AndroidManifest.xml:138:13-49
	android:windowSoftInputMode
		ADDED from src\main\AndroidManifest.xml:137:13-60
	android:name
		ADDED from src\main\AndroidManifest.xml:136:13-68
activity#com.invoice.PendingPackageInvoice
ADDED from src\main\AndroidManifest.xml:139:9-142:52
	android:screenOrientation
		ADDED from src\main\AndroidManifest.xml:142:13-49
	android:windowSoftInputMode
		ADDED from src\main\AndroidManifest.xml:141:13-60
	android:name
		ADDED from src\main\AndroidManifest.xml:140:13-61
activity#com.razorpay.CheckoutActivity
ADDED from src\main\AndroidManifest.xml:144:9-145:95
	android:configChanges
		ADDED from src\main\AndroidManifest.xml:145:13-83
	android:name
		ADDED from src\main\AndroidManifest.xml:144:19-63
service#com.utility.GcmIntentService
ADDED from src\main\AndroidManifest.xml:148:9-64
	android:name
		ADDED from src\main\AndroidManifest.xml:148:18-61
meta-data#com.google.android.maps.v2.API_KEY
ADDED from src\main\AndroidManifest.xml:150:9-152:71
	android:value
		ADDED from src\main\AndroidManifest.xml:152:13-68
	android:name
		ADDED from src\main\AndroidManifest.xml:151:13-62
meta-data#com.facebook.sdk.ApplicationId
ADDED from src\main\AndroidManifest.xml:155:9-157:55
	android:value
		ADDED from src\main\AndroidManifest.xml:157:13-52
	android:name
		ADDED from src\main\AndroidManifest.xml:156:13-58
receiver#com.spotsoon.customer.GcmBroadcastReceiver
ADDED from src\main\AndroidManifest.xml:159:9-168:20
	android:permission
		ADDED from src\main\AndroidManifest.xml:161:13-73
	android:name
		ADDED from src\main\AndroidManifest.xml:160:13-49
intent-filter#com.google.android.c2dm.intent.RECEIVE+com.google.android.c2dm.intent.REGISTRATION+com.spotsoon.customer
ADDED from src\main\AndroidManifest.xml:162:13-167:29
action#com.google.android.c2dm.intent.RECEIVE
ADDED from src\main\AndroidManifest.xml:163:17-81
	android:name
		ADDED from src\main\AndroidManifest.xml:163:25-78
action#com.google.android.c2dm.intent.REGISTRATION
ADDED from src\main\AndroidManifest.xml:164:17-86
	android:name
		ADDED from src\main\AndroidManifest.xml:164:25-83
category#com.spotsoon.customer
ADDED from src\main\AndroidManifest.xml:166:17-66
	android:name
		ADDED from src\main\AndroidManifest.xml:166:27-63
meta-data#io.fabric.ApiKey
ADDED from src\main\AndroidManifest.xml:170:9-172:72
	android:value
		ADDED from src\main\AndroidManifest.xml:172:13-69
	android:name
		ADDED from src\main\AndroidManifest.xml:171:13-44
activity#com.spotsoon.customer.NotificationHandler
ADDED from src\main\AndroidManifest.xml:174:9-176:84
	android:label
		ADDED from src\main\AndroidManifest.xml:176:13-72
	android:name
		ADDED from src\main\AndroidManifest.xml:175:13-48
meta-data#com.google.android.geo.API_KEY
ADDED from src\main\AndroidManifest.xml:185:9-187:55
	android:value
		ADDED from src\main\AndroidManifest.xml:187:13-52
	android:name
		ADDED from src\main\AndroidManifest.xml:186:13-58
uses-sdk
INJECTED from src\main\AndroidManifest.xml reason: use-sdk injection requested
MERGED from [com.google.android.gms:play-services-gcm:9.0.1] AndroidManifest.xml:18:5-42
MERGED from [com.google.android.gms:play-services-base:9.0.1] AndroidManifest.xml:18:5-42
MERGED from [com.google.android.gms:play-services-basement:9.0.1] AndroidManifest.xml:18:5-42
MERGED from [com.android.support:support-v4:23.2.1] AndroidManifest.xml:20:5-43
MERGED from [com.google.firebase:firebase-common:9.0.1] AndroidManifest.xml:4:5-43
MERGED from [com.google.android.gms:play-services-basement:9.0.1] AndroidManifest.xml:18:5-42
MERGED from [com.android.support:support-v4:23.2.1] AndroidManifest.xml:20:5-43
MERGED from [com.google.android.gms:play-services-tasks:9.0.1] AndroidManifest.xml:4:5-43
MERGED from [com.google.android.gms:play-services-basement:9.0.1] AndroidManifest.xml:18:5-42
MERGED from [com.android.support:support-v4:23.2.1] AndroidManifest.xml:20:5-43
MERGED from [com.google.android.gms:play-services-tasks:9.0.1] AndroidManifest.xml:4:5-43
MERGED from [com.google.android.gms:play-services-basement:9.0.1] AndroidManifest.xml:18:5-42
MERGED from [com.android.support:support-v4:23.2.1] AndroidManifest.xml:20:5-43
MERGED from [com.google.android.gms:play-services-basement:9.0.1] AndroidManifest.xml:18:5-42
MERGED from [com.android.support:support-v4:23.2.1] AndroidManifest.xml:20:5-43
MERGED from [com.google.android.gms:play-services-iid:9.0.1] AndroidManifest.xml:18:5-42
MERGED from [com.google.android.gms:play-services-base:9.0.1] AndroidManifest.xml:18:5-42
MERGED from [com.google.android.gms:play-services-basement:9.0.1] AndroidManifest.xml:18:5-42
MERGED from [com.android.support:support-v4:23.2.1] AndroidManifest.xml:20:5-43
MERGED from [com.google.firebase:firebase-common:9.0.1] AndroidManifest.xml:4:5-43
MERGED from [com.google.android.gms:play-services-basement:9.0.1] AndroidManifest.xml:18:5-42
MERGED from [com.android.support:support-v4:23.2.1] AndroidManifest.xml:20:5-43
MERGED from [com.google.android.gms:play-services-tasks:9.0.1] AndroidManifest.xml:4:5-43
MERGED from [com.google.android.gms:play-services-basement:9.0.1] AndroidManifest.xml:18:5-42
MERGED from [com.android.support:support-v4:23.2.1] AndroidManifest.xml:20:5-43
MERGED from [com.google.android.gms:play-services-tasks:9.0.1] AndroidManifest.xml:4:5-43
MERGED from [com.google.android.gms:play-services-basement:9.0.1] AndroidManifest.xml:18:5-42
MERGED from [com.android.support:support-v4:23.2.1] AndroidManifest.xml:20:5-43
MERGED from [com.google.android.gms:play-services-basement:9.0.1] AndroidManifest.xml:18:5-42
MERGED from [com.android.support:support-v4:23.2.1] AndroidManifest.xml:20:5-43
MERGED from [com.android.support:appcompat-v7:23.2.1] AndroidManifest.xml:21:5-23:78
MERGED from [com.android.support:support-v4:23.2.1] AndroidManifest.xml:20:5-43
MERGED from [com.android.support:animated-vector-drawable:23.2.1] AndroidManifest.xml:5:5-44
MERGED from [com.android.support:support-vector-drawable:23.2.1] AndroidManifest.xml:5:5-43
MERGED from [com.android.support:support-v4:23.2.1] AndroidManifest.xml:20:5-43
MERGED from [com.android.support:support-vector-drawable:23.2.1] AndroidManifest.xml:5:5-43
MERGED from [com.android.support:support-v4:23.2.1] AndroidManifest.xml:20:5-43
MERGED from [com.android.support:design:23.2.1] AndroidManifest.xml:20:5-43
MERGED from [com.android.support:support-v4:23.2.1] AndroidManifest.xml:20:5-43
MERGED from [com.android.support:appcompat-v7:23.2.1] AndroidManifest.xml:21:5-23:78
MERGED from [com.android.support:support-v4:23.2.1] AndroidManifest.xml:20:5-43
MERGED from [com.android.support:animated-vector-drawable:23.2.1] AndroidManifest.xml:5:5-44
MERGED from [com.android.support:support-vector-drawable:23.2.1] AndroidManifest.xml:5:5-43
MERGED from [com.android.support:support-v4:23.2.1] AndroidManifest.xml:20:5-43
MERGED from [com.android.support:support-vector-drawable:23.2.1] AndroidManifest.xml:5:5-43
MERGED from [com.android.support:support-v4:23.2.1] AndroidManifest.xml:20:5-43
MERGED from [com.android.support:recyclerview-v7:23.2.1] AndroidManifest.xml:20:5-43
MERGED from [com.android.support:support-v4:23.2.1] AndroidManifest.xml:20:5-43
MERGED from [com.crashlytics.sdk.android:crashlytics:2.6.1] AndroidManifest.xml:7:5-43
MERGED from [com.crashlytics.sdk.android:crashlytics-core:2.3.10] AndroidManifest.xml:7:5-43
MERGED from [com.crashlytics.sdk.android:answers:1.3.8] AndroidManifest.xml:7:5-43
MERGED from [io.fabric.sdk.android:fabric:1.3.12] AndroidManifest.xml:23:5-43
MERGED from [io.fabric.sdk.android:fabric:1.3.12] AndroidManifest.xml:23:5-43
MERGED from [com.crashlytics.sdk.android:beta:1.2.1] AndroidManifest.xml:7:5-43
MERGED from [io.fabric.sdk.android:fabric:1.3.12] AndroidManifest.xml:23:5-43
MERGED from [io.fabric.sdk.android:fabric:1.3.12] AndroidManifest.xml:23:5-43
MERGED from [com.crashlytics.sdk.android:answers:1.3.8] AndroidManifest.xml:7:5-43
MERGED from [io.fabric.sdk.android:fabric:1.3.12] AndroidManifest.xml:23:5-43
MERGED from [com.daimajia.easing:library:1.0.1] AndroidManifest.xml:8:5-10:41
MERGED from [com.daimajia.androidanimations:library:1.1.3] AndroidManifest.xml:8:5-10:41
MERGED from [com.android.support:multidex:1.0.1] AndroidManifest.xml:18:5-42
MERGED from [SpotSoon:PullToRefresh:unspecified] AndroidManifest.xml:7:5-9:41